0 verbose cli [ '/usr/bin/node', '/usr/bin/npm', 'install', 'node_modules/' ]
1 info using npm@7.5.2
2 info using node@v12.22.5
3 timing config:load:defaults Completed in 2ms
4 timing config:load:file:/usr/share/nodejs/npm/npmrc Completed in 3ms
5 timing config:load:builtin Completed in 3ms
6 timing config:load:cli Completed in 3ms
7 timing config:load:env Completed in 0ms
8 timing config:load:project Completed in 1ms
9 timing config:load:file:/home/mini/.npmrc Completed in 0ms
10 timing config:load:user Completed in 0ms
11 timing config:load:file:/etc/npmrc Completed in 1ms
12 timing config:load:global Completed in 1ms
13 timing config:load:cafile Completed in 0ms
14 timing config:load:validate Completed in 0ms
15 timing config:load:setUserAgent Completed in 1ms
16 timing config:load:setEnvs Completed in 1ms
17 timing config:load Completed in 12ms
18 verbose npm-session 6f405ea97cf09a1a
19 timing npm:load Completed in 24ms
20 timing arborist:ctor Completed in 1ms
21 timing arborist:ctor Completed in 1ms
22 timing idealTree:init Completed in 32ms
23 timing idealTree Completed in 40ms
24 timing command:install Completed in 70ms
25 verbose stack Error: ENOENT: no such file or directory, open '/home/mini/node_modules/package.json'
26 verbose cwd /home/mini
27 verbose Linux 5.10.16.3-microsoft-standard-WSL2
28 verbose argv "/usr/bin/node" "/usr/bin/npm" "install" "node_modules/"
29 verbose node v12.22.5
30 verbose npm  v7.5.2
31 error code ENOENT
32 error syscall open
33 error path /home/mini/node_modules/package.json
34 error errno -2
35 error enoent ENOENT: no such file or directory, open '/home/mini/node_modules/package.json'
36 error enoent This is related to npm not being able to find a file.
37 verbose exit -2
