0 verbose cli [
0 verbose cli   '/usr/bin/node',
0 verbose cli   '/usr/share/nodejs/npm/bin/npm-cli.js',
0 verbose cli   'exec',
0 verbose cli   '--',
0 verbose cli   'create-react-app'
0 verbose cli ]
1 info using npm@7.5.2
2 info using node@v12.22.5
3 timing config:load:defaults Completed in 1ms
4 timing config:load:file:/usr/share/nodejs/npm/npmrc Completed in 3ms
5 timing config:load:builtin Completed in 3ms
6 timing config:load:cli Completed in 1ms
7 timing config:load:env Completed in 1ms
8 timing config:load:file:/home/mini/workplace/routerbase/.npmrc Completed in 0ms
9 timing config:load:project Completed in 1ms
10 timing config:load:file:/home/mini/.npmrc Completed in 1ms
11 timing config:load:user Completed in 1ms
12 timing config:load:file:/etc/npmrc Completed in 0ms
13 timing config:load:global Completed in 0ms
14 timing config:load:cafile Completed in 0ms
15 timing config:load:validate Completed in 1ms
16 timing config:load:setUserAgent Completed in 0ms
17 timing config:load:setEnvs Completed in 1ms
18 timing config:load Completed in 11ms
19 verbose npm-session 457041b946021039
20 timing npm:load Completed in 23ms
21 http fetch GET 200 https://registry.npmjs.org/create-react-app 151ms
22 timing arborist:ctor Completed in 1ms
23 timing arborist:ctor Completed in 0ms
24 timing arborist:ctor Completed in 0ms
25 timing idealTree:init Completed in 7ms
26 timing idealTree:userRequests Completed in 1ms
27 silly idealTree buildDeps
28 silly fetch manifest create-react-app@*
29 http fetch GET 200 https://registry.npmjs.org/create-react-app 12ms (from cache)
30 silly placeDep ROOT create-react-app@4.0.3 OK for:  want: *
31 silly fetch manifest chalk@4.1.0
32 silly fetch manifest commander@4.1.1
33 silly fetch manifest cross-spawn@7.0.3
34 silly fetch manifest envinfo@7.7.3
35 silly fetch manifest fs-extra@9.0.1
36 silly fetch manifest hyperquest@2.1.3
37 silly fetch manifest prompts@2.4.0
38 silly fetch manifest semver@7.3.2
39 silly fetch manifest tar-pack@3.4.1
40 silly fetch manifest tmp@0.2.1
41 silly fetch manifest validate-npm-package-name@3.0.0
42 http fetch GET 200 https://registry.npmjs.org/chalk 84ms
43 http fetch GET 200 https://registry.npmjs.org/cross-spawn 132ms
44 http fetch GET 200 https://registry.npmjs.org/hyperquest 131ms
45 http fetch GET 200 https://registry.npmjs.org/validate-npm-package-name 141ms
46 http fetch GET 200 https://registry.npmjs.org/tar-pack 184ms
47 http fetch GET 200 https://registry.npmjs.org/semver 186ms
48 http fetch GET 200 https://registry.npmjs.org/fs-extra 196ms
49 http fetch GET 200 https://registry.npmjs.org/commander 231ms
50 http fetch GET 200 https://registry.npmjs.org/envinfo 240ms
51 http fetch GET 200 https://registry.npmjs.org/tmp 832ms
52 http fetch GET 200 https://registry.npmjs.org/prompts 841ms
53 timing idealTree:#root Completed in 869ms
54 silly placeDep ROOT chalk@4.1.0 OK for: create-react-app@4.0.3 want: 4.1.0
55 silly placeDep ROOT commander@4.1.1 OK for: create-react-app@4.0.3 want: 4.1.1
56 silly placeDep ROOT cross-spawn@7.0.3 OK for: create-react-app@4.0.3 want: 7.0.3
57 silly placeDep ROOT envinfo@7.7.3 OK for: create-react-app@4.0.3 want: 7.7.3
58 silly placeDep ROOT fs-extra@9.0.1 OK for: create-react-app@4.0.3 want: 9.0.1
59 silly placeDep ROOT hyperquest@2.1.3 OK for: create-react-app@4.0.3 want: 2.1.3
60 silly placeDep ROOT prompts@2.4.0 OK for: create-react-app@4.0.3 want: 2.4.0
61 silly placeDep ROOT semver@7.3.2 OK for: create-react-app@4.0.3 want: 7.3.2
62 silly placeDep ROOT tar-pack@3.4.1 OK for: create-react-app@4.0.3 want: 3.4.1
63 silly placeDep ROOT tmp@0.2.1 OK for: create-react-app@4.0.3 want: 0.2.1
64 silly placeDep ROOT validate-npm-package-name@3.0.0 OK for: create-react-app@4.0.3 want: 3.0.0
65 silly fetch manifest ansi-styles@^4.1.0
66 silly fetch manifest supports-color@^7.1.0
67 silly fetch manifest path-key@^3.1.0
68 silly fetch manifest shebang-command@^2.0.0
69 silly fetch manifest which@^2.0.1
70 silly fetch manifest at-least-node@^1.0.0
71 silly fetch manifest graceful-fs@^4.2.0
72 silly fetch manifest jsonfile@^6.0.1
73 silly fetch manifest universalify@^1.0.0
74 silly fetch manifest buffer-from@^0.1.1
75 silly fetch manifest duplexer2@~0.0.2
76 silly fetch manifest through2@~0.6.3
77 silly fetch manifest kleur@^3.0.3
78 silly fetch manifest sisteransi@^1.0.5
79 silly fetch manifest debug@^2.2.0
80 silly fetch manifest fstream@^1.0.10
81 silly fetch manifest fstream-ignore@^1.0.5
82 silly fetch manifest once@^1.3.3
83 silly fetch manifest readable-stream@^2.1.4
84 silly fetch manifest rimraf@^2.5.1
85 silly fetch manifest tar@^2.2.1
86 silly fetch manifest uid-number@^0.0.6
87 silly fetch manifest rimraf@^3.0.0
88 silly fetch manifest builtins@^1.0.3
89 http fetch GET 200 https://registry.npmjs.org/supports-color 168ms
90 http fetch GET 200 https://registry.npmjs.org/shebang-command 188ms
91 http fetch GET 200 https://registry.npmjs.org/at-least-node 187ms
92 http fetch GET 200 https://registry.npmjs.org/path-key 203ms
93 http fetch GET 200 https://registry.npmjs.org/jsonfile 194ms
94 http fetch GET 200 https://registry.npmjs.org/which 200ms
95 http fetch GET 200 https://registry.npmjs.org/universalify 199ms
96 http fetch GET 200 https://registry.npmjs.org/ansi-styles 214ms
97 http fetch GET 200 https://registry.npmjs.org/duplexer2 202ms
98 http fetch GET 200 https://registry.npmjs.org/buffer-from 213ms
99 http fetch GET 200 https://registry.npmjs.org/graceful-fs 220ms
100 http fetch GET 200 https://registry.npmjs.org/sisteransi 227ms
101 http fetch GET 200 https://registry.npmjs.org/kleur 231ms
102 http fetch GET 200 https://registry.npmjs.org/uid-number 240ms
103 http fetch GET 200 https://registry.npmjs.org/debug 252ms
104 http fetch GET 200 https://registry.npmjs.org/fstream 255ms
105 http fetch GET 200 https://registry.npmjs.org/fstream-ignore 256ms
106 http fetch GET 200 https://registry.npmjs.org/once 257ms
107 http fetch GET 200 https://registry.npmjs.org/rimraf 259ms
108 http fetch GET 200 https://registry.npmjs.org/readable-stream 263ms
109 http fetch GET 200 https://registry.npmjs.org/builtins 259ms
110 http fetch GET 200 https://registry.npmjs.org/tar 266ms
111 http fetch GET 200 https://registry.npmjs.org/through2 1187ms
112 timing idealTree:node_modules/create-react-app Completed in 1224ms
113 silly placeDep ROOT ansi-styles@4.3.0 OK for: chalk@4.1.0 want: ^4.1.0
114 silly placeDep ROOT supports-color@7.2.0 OK for: chalk@4.1.0 want: ^7.1.0
115 silly fetch manifest color-convert@^2.0.1
116 silly fetch manifest has-flag@^4.0.0
117 http fetch GET 200 https://registry.npmjs.org/has-flag 40ms
118 http fetch GET 200 https://registry.npmjs.org/color-convert 43ms
119 timing idealTree:node_modules/chalk Completed in 45ms
120 silly placeDep ROOT color-convert@2.0.1 OK for: ansi-styles@4.3.0 want: ^2.0.1
121 silly fetch manifest color-name@~1.1.4
122 http fetch GET 200 https://registry.npmjs.org/color-name 30ms
123 timing idealTree:node_modules/ansi-styles Completed in 32ms
124 silly placeDep ROOT color-name@1.1.4 OK for: color-convert@2.0.1 want: ~1.1.4
125 timing idealTree:node_modules/color-convert Completed in 2ms
126 timing idealTree:node_modules/color-name Completed in 0ms
127 timing idealTree:node_modules/commander Completed in 0ms
128 silly placeDep ROOT path-key@3.1.1 OK for: cross-spawn@7.0.3 want: ^3.1.0
129 silly placeDep ROOT shebang-command@2.0.0 OK for: cross-spawn@7.0.3 want: ^2.0.0
130 silly placeDep ROOT which@2.0.2 OK for: cross-spawn@7.0.3 want: ^2.0.1
131 silly fetch manifest shebang-regex@^3.0.0
132 silly fetch manifest isexe@^2.0.0
133 http fetch GET 200 https://registry.npmjs.org/isexe 43ms
134 http fetch GET 200 https://registry.npmjs.org/shebang-regex 46ms
135 timing idealTree:node_modules/cross-spawn Completed in 49ms
136 timing idealTree:node_modules/envinfo Completed in 0ms
137 silly placeDep ROOT at-least-node@1.0.0 OK for: fs-extra@9.0.1 want: ^1.0.0
138 silly placeDep ROOT graceful-fs@4.2.8 OK for: fs-extra@9.0.1 want: ^4.2.0
139 silly placeDep ROOT jsonfile@6.1.0 OK for: fs-extra@9.0.1 want: ^6.0.1
140 silly placeDep ROOT universalify@1.0.0 OK for: fs-extra@9.0.1 want: ^1.0.0
141 silly fetch manifest universalify@^2.0.0
142 timing idealTree:node_modules/fs-extra Completed in 10ms
143 timing idealTree:node_modules/at-least-node Completed in 0ms
144 timing idealTree:node_modules/graceful-fs Completed in 0ms
145 silly placeDep ROOT buffer-from@0.1.2 OK for: hyperquest@2.1.3 want: ^0.1.1
146 silly placeDep ROOT duplexer2@0.0.2 OK for: hyperquest@2.1.3 want: ~0.0.2
147 silly placeDep ROOT through2@0.6.5 OK for: hyperquest@2.1.3 want: ~0.6.3
148 silly fetch manifest readable-stream@~1.1.9
149 silly fetch manifest readable-stream@>=1.0.33-1 <1.1.0-0
150 silly fetch manifest xtend@>=4.0.0 <4.1.0-0
151 http fetch GET 200 https://registry.npmjs.org/xtend 41ms
152 timing idealTree:node_modules/hyperquest Completed in 51ms
153 timing idealTree:node_modules/buffer-from Completed in 0ms
154 silly placeDep ROOT readable-stream@1.1.14 OK for: duplexer2@0.0.2 want: ~1.1.9
155 silly fetch manifest core-util-is@~1.0.0
156 silly fetch manifest isarray@0.0.1
157 silly fetch manifest string_decoder@~0.10.x
158 silly fetch manifest inherits@~2.0.1
159 http fetch GET 200 https://registry.npmjs.org/core-util-is 43ms
160 http fetch GET 200 https://registry.npmjs.org/inherits 42ms
161 http fetch GET 200 https://registry.npmjs.org/isarray 47ms
162 http fetch GET 200 https://registry.npmjs.org/string_decoder 73ms
163 timing idealTree:node_modules/duplexer2 Completed in 79ms
164 silly placeDep node_modules/jsonfile universalify@2.0.0 OK for: jsonfile@6.1.0 want: ^2.0.0
165 timing idealTree:node_modules/jsonfile Completed in 2ms
166 timing idealTree:node_modules/path-key Completed in 0ms
167 silly placeDep ROOT kleur@3.0.3 OK for: prompts@2.4.0 want: ^3.0.3
168 silly placeDep ROOT sisteransi@1.0.5 OK for: prompts@2.4.0 want: ^1.0.5
169 timing idealTree:node_modules/prompts Completed in 7ms
170 timing idealTree:node_modules/kleur Completed in 0ms
171 silly placeDep ROOT core-util-is@1.0.3 OK for: readable-stream@1.1.14 want: ~1.0.0
172 silly placeDep ROOT inherits@2.0.4 OK for: readable-stream@1.1.14 want: ~2.0.1
173 silly placeDep ROOT isarray@0.0.1 OK for: readable-stream@1.1.14 want: 0.0.1
174 silly placeDep ROOT string_decoder@0.10.31 OK for: readable-stream@1.1.14 want: ~0.10.x
175 timing idealTree:node_modules/readable-stream Completed in 4ms
176 timing idealTree:node_modules/core-util-is Completed in 0ms
177 timing idealTree:node_modules/inherits Completed in 0ms
178 timing idealTree:node_modules/isarray Completed in 0ms
179 timing idealTree:node_modules/semver Completed in 0ms
180 silly placeDep ROOT shebang-regex@3.0.0 OK for: shebang-command@2.0.0 want: ^3.0.0
181 timing idealTree:node_modules/shebang-command Completed in 1ms
182 timing idealTree:node_modules/shebang-regex Completed in 0ms
183 timing idealTree:node_modules/sisteransi Completed in 0ms
184 timing idealTree:node_modules/string_decoder Completed in 0ms
185 silly placeDep ROOT has-flag@4.0.0 OK for: supports-color@7.2.0 want: ^4.0.0
186 timing idealTree:node_modules/supports-color Completed in 1ms
187 timing idealTree:node_modules/has-flag Completed in 0ms
188 silly placeDep ROOT debug@2.6.9 OK for: tar-pack@3.4.1 want: ^2.2.0
189 silly placeDep ROOT fstream@1.0.12 OK for: tar-pack@3.4.1 want: ^1.0.10
190 silly placeDep ROOT fstream-ignore@1.0.5 OK for: tar-pack@3.4.1 want: ^1.0.5
191 silly placeDep ROOT once@1.4.0 OK for: tar-pack@3.4.1 want: ^1.3.3
192 silly placeDep node_modules/tar-pack readable-stream@2.3.7 OK for: tar-pack@3.4.1 want: ^2.1.4
193 silly placeDep ROOT rimraf@2.7.1 OK for: tar-pack@3.4.1 want: ^2.5.1
194 silly placeDep ROOT tar@2.2.2 OK for: tar-pack@3.4.1 want: ^2.2.1
195 silly placeDep ROOT uid-number@0.0.6 OK for: tar-pack@3.4.1 want: ^0.0.6
196 silly fetch manifest ms@2.0.0
197 silly fetch manifest mkdirp@>=0.5 0
198 silly fetch manifest minimatch@^3.0.0
199 silly fetch manifest wrappy@1
200 silly fetch manifest isarray@~1.0.0
201 silly fetch manifest process-nextick-args@~2.0.0
202 silly fetch manifest safe-buffer@~5.1.1
203 silly fetch manifest string_decoder@~1.1.1
204 silly fetch manifest util-deprecate@~1.0.1
205 silly fetch manifest glob@^7.1.3
206 silly fetch manifest block-stream@*
207 http fetch GET 200 https://registry.npmjs.org/wrappy 92ms
208 http fetch GET 200 https://registry.npmjs.org/ms 98ms
209 http fetch GET 200 https://registry.npmjs.org/safe-buffer 95ms
210 http fetch GET 200 https://registry.npmjs.org/process-nextick-args 98ms
211 http fetch GET 200 https://registry.npmjs.org/mkdirp 104ms
212 http fetch GET 200 https://registry.npmjs.org/minimatch 104ms
213 http fetch GET 200 https://registry.npmjs.org/util-deprecate 102ms
214 http fetch GET 200 https://registry.npmjs.org/block-stream 101ms
215 http fetch GET 200 https://registry.npmjs.org/glob 104ms
216 timing idealTree:node_modules/tar-pack Completed in 128ms
217 silly placeDep ROOT ms@2.0.0 OK for: debug@2.6.9 want: 2.0.0
218 timing idealTree:node_modules/debug Completed in 3ms
219 silly placeDep ROOT mkdirp@0.5.5 OK for: fstream@1.0.12 want: >=0.5 0
220 silly fetch manifest minimist@^1.2.5
221 http fetch GET 200 https://registry.npmjs.org/minimist 35ms
222 timing idealTree:node_modules/fstream Completed in 37ms
223 silly placeDep ROOT minimatch@3.0.4 OK for: fstream-ignore@1.0.5 want: ^3.0.0
224 silly fetch manifest brace-expansion@^1.1.7
225 http fetch GET 200 https://registry.npmjs.org/brace-expansion 34ms
226 timing idealTree:node_modules/fstream-ignore Completed in 36ms
227 silly placeDep ROOT brace-expansion@1.1.11 OK for: minimatch@3.0.4 want: ^1.1.7
228 silly fetch manifest balanced-match@^1.0.0
229 silly fetch manifest concat-map@0.0.1
230 http fetch GET 200 https://registry.npmjs.org/concat-map 37ms
231 http fetch GET 200 https://registry.npmjs.org/balanced-match 41ms
232 timing idealTree:node_modules/minimatch Completed in 42ms
233 silly placeDep ROOT balanced-match@1.0.2 OK for: brace-expansion@1.1.11 want: ^1.0.0
234 silly placeDep ROOT concat-map@0.0.1 OK for: brace-expansion@1.1.11 want: 0.0.1
235 timing idealTree:node_modules/brace-expansion Completed in 2ms
236 timing idealTree:node_modules/balanced-match Completed in 0ms
237 timing idealTree:node_modules/concat-map Completed in 0ms
238 silly placeDep ROOT minimist@1.2.5 OK for: mkdirp@0.5.5 want: ^1.2.5
239 timing idealTree:node_modules/mkdirp Completed in 0ms
240 timing idealTree:node_modules/minimist Completed in 0ms
241 timing idealTree:node_modules/ms Completed in 0ms
242 silly placeDep ROOT wrappy@1.0.2 OK for: once@1.4.0 want: 1
243 timing idealTree:node_modules/once Completed in 0ms
244 silly placeDep ROOT glob@7.2.0 OK for: rimraf@2.7.1 want: ^7.1.3
245 silly fetch manifest fs.realpath@^1.0.0
246 silly fetch manifest inflight@^1.0.4
247 silly fetch manifest path-is-absolute@^1.0.0
248 http fetch GET 200 https://registry.npmjs.org/path-is-absolute 39ms
249 http fetch GET 200 https://registry.npmjs.org/inflight 43ms
250 http fetch GET 200 https://registry.npmjs.org/fs.realpath 54ms
251 timing idealTree:node_modules/rimraf Completed in 58ms
252 silly placeDep ROOT fs.realpath@1.0.0 OK for: glob@7.2.0 want: ^1.0.0
253 silly placeDep ROOT inflight@1.0.6 OK for: glob@7.2.0 want: ^1.0.4
254 silly placeDep ROOT path-is-absolute@1.0.1 OK for: glob@7.2.0 want: ^1.0.0
255 timing idealTree:node_modules/glob Completed in 4ms
256 timing idealTree:node_modules/fs.realpath Completed in 0ms
257 timing idealTree:node_modules/inflight Completed in 0ms
258 timing idealTree:node_modules/path-is-absolute Completed in 0ms
259 silly placeDep ROOT block-stream@0.0.9 OK for: tar@2.2.2 want: *
260 timing idealTree:node_modules/tar Completed in 1ms
261 timing idealTree:node_modules/block-stream Completed in 0ms
262 silly placeDep node_modules/through2 readable-stream@1.0.34 OK for: through2@0.6.5 want: >=1.0.33-1 <1.1.0-0
263 silly placeDep ROOT xtend@4.0.2 OK for: through2@0.6.5 want: >=4.0.0 <4.1.0-0
264 timing idealTree:node_modules/through2 Completed in 5ms
265 silly placeDep node_modules/tmp rimraf@3.0.2 OK for: tmp@0.2.1 want: ^3.0.0
266 timing idealTree:node_modules/tmp Completed in 2ms
267 timing idealTree:node_modules/uid-number Completed in 0ms
268 timing idealTree:node_modules/universalify Completed in 0ms
269 silly placeDep ROOT builtins@1.0.3 OK for: validate-npm-package-name@3.0.0 want: ^1.0.3
270 timing idealTree:node_modules/validate-npm-package-name Completed in 1ms
271 timing idealTree:node_modules/builtins Completed in 0ms
272 silly placeDep ROOT isexe@2.0.0 OK for: which@2.0.2 want: ^2.0.0
273 timing idealTree:node_modules/which Completed in 1ms
274 timing idealTree:node_modules/isexe Completed in 0ms
275 timing idealTree:node_modules/wrappy Completed in 0ms
276 timing idealTree:node_modules/xtend Completed in 0ms
277 timing idealTree:node_modules/jsonfile/node_modules/universalify Completed in 0ms
278 silly placeDep node_modules/tar-pack isarray@1.0.0 OK for: readable-stream@2.3.7 want: ~1.0.0
279 silly placeDep ROOT process-nextick-args@2.0.1 OK for: readable-stream@2.3.7 want: ~2.0.0
280 silly placeDep ROOT safe-buffer@5.1.2 OK for: readable-stream@2.3.7 want: ~5.1.1
281 silly placeDep node_modules/tar-pack string_decoder@1.1.1 OK for: readable-stream@2.3.7 want: ~1.1.1
282 silly placeDep ROOT util-deprecate@1.0.2 OK for: readable-stream@2.3.7 want: ~1.0.1
283 timing idealTree:node_modules/tar-pack/node_modules/readable-stream Completed in 5ms
284 timing idealTree:node_modules/process-nextick-args Completed in 0ms
285 timing idealTree:node_modules/safe-buffer Completed in 0ms
286 timing idealTree:node_modules/util-deprecate Completed in 0ms
287 timing idealTree:node_modules/tar-pack/node_modules/isarray Completed in 0ms
288 timing idealTree:node_modules/tar-pack/node_modules/string_decoder Completed in 0ms
289 timing idealTree:node_modules/through2/node_modules/readable-stream Completed in 1ms
290 timing idealTree:node_modules/tmp/node_modules/rimraf Completed in 0ms
291 timing idealTree:buildDeps Completed in 2717ms
292 timing idealTree:fixDepFlags Completed in 1ms
293 timing idealTree Completed in 2729ms
294 timing reify:loadTrees Completed in 2729ms
295 timing reify:diffTrees Completed in 4ms
296 silly reify moves {}
297 timing reify:retireShallow Completed in 1ms
298 timing reify:createSparse Completed in 36ms
299 timing reify:loadBundles Completed in 0ms
300 silly tarball no local data for util-deprecate@https://registry.npmjs.org/util-deprecate/-/util-deprecate-1.0.2.tgz. Extracting by manifest.
301 silly tarball no local data for safe-buffer@https://registry.npmjs.org/safe-buffer/-/safe-buffer-5.1.2.tgz. Extracting by manifest.
302 silly tarball no local data for process-nextick-args@https://registry.npmjs.org/process-nextick-args/-/process-nextick-args-2.0.1.tgz. Extracting by manifest.
303 silly tarball no local data for isexe@https://registry.npmjs.org/isexe/-/isexe-2.0.0.tgz. Extracting by manifest.
304 silly tarball no local data for builtins@https://registry.npmjs.org/builtins/-/builtins-1.0.3.tgz. Extracting by manifest.
305 silly tarball no local data for block-stream@https://registry.npmjs.org/block-stream/-/block-stream-0.0.9.tgz. Extracting by manifest.
306 silly tarball no local data for inflight@https://registry.npmjs.org/inflight/-/inflight-1.0.6.tgz. Extracting by manifest.
307 silly tarball no local data for path-is-absolute@https://registry.npmjs.org/path-is-absolute/-/path-is-absolute-1.0.1.tgz. Extracting by manifest.
308 silly tarball no local data for fs.realpath@https://registry.npmjs.org/fs.realpath/-/fs.realpath-1.0.0.tgz. Extracting by manifest.
309 silly tarball no local data for glob@https://registry.npmjs.org/glob/-/glob-7.2.0.tgz. Extracting by manifest.
310 silly tarball no local data for minimist@https://registry.npmjs.org/minimist/-/minimist-1.2.5.tgz. Extracting by manifest.
311 silly tarball no local data for concat-map@https://registry.npmjs.org/concat-map/-/concat-map-0.0.1.tgz. Extracting by manifest.
312 silly tarball no local data for wrappy@https://registry.npmjs.org/wrappy/-/wrappy-1.0.2.tgz. Extracting by manifest.
313 silly tarball no local data for balanced-match@https://registry.npmjs.org/balanced-match/-/balanced-match-1.0.2.tgz. Extracting by manifest.
314 silly tarball no local data for brace-expansion@https://registry.npmjs.org/brace-expansion/-/brace-expansion-1.1.11.tgz. Extracting by manifest.
315 silly tarball no local data for minimatch@https://registry.npmjs.org/minimatch/-/minimatch-3.0.4.tgz. Extracting by manifest.
316 silly tarball no local data for mkdirp@https://registry.npmjs.org/mkdirp/-/mkdirp-0.5.5.tgz. Extracting by manifest.
317 silly tarball no local data for ms@https://registry.npmjs.org/ms/-/ms-2.0.0.tgz. Extracting by manifest.
318 silly tarball no local data for uid-number@https://registry.npmjs.org/uid-number/-/uid-number-0.0.6.tgz. Extracting by manifest.
319 silly tarball no local data for tar@https://registry.npmjs.org/tar/-/tar-2.2.2.tgz. Extracting by manifest.
320 silly tarball no local data for rimraf@https://registry.npmjs.org/rimraf/-/rimraf-2.7.1.tgz. Extracting by manifest.
321 silly tarball no local data for once@https://registry.npmjs.org/once/-/once-1.4.0.tgz. Extracting by manifest.
322 silly tarball no local data for fstream-ignore@https://registry.npmjs.org/fstream-ignore/-/fstream-ignore-1.0.5.tgz. Extracting by manifest.
323 silly tarball no local data for fstream@https://registry.npmjs.org/fstream/-/fstream-1.0.12.tgz. Extracting by manifest.
324 silly tarball no local data for debug@https://registry.npmjs.org/debug/-/debug-2.6.9.tgz. Extracting by manifest.
325 silly tarball no local data for has-flag@https://registry.npmjs.org/has-flag/-/has-flag-4.0.0.tgz. Extracting by manifest.
326 silly tarball no local data for shebang-regex@https://registry.npmjs.org/shebang-regex/-/shebang-regex-3.0.0.tgz. Extracting by manifest.
327 silly tarball no local data for string_decoder@https://registry.npmjs.org/string_decoder/-/string_decoder-0.10.31.tgz. Extracting by manifest.
328 silly tarball no local data for xtend@https://registry.npmjs.org/xtend/-/xtend-4.0.2.tgz. Extracting by manifest.
329 silly tarball no local data for core-util-is@https://registry.npmjs.org/core-util-is/-/core-util-is-1.0.3.tgz. Extracting by manifest.
330 silly tarball no local data for isarray@https://registry.npmjs.org/isarray/-/isarray-0.0.1.tgz. Extracting by manifest.
331 silly tarball no local data for sisteransi@https://registry.npmjs.org/sisteransi/-/sisteransi-1.0.5.tgz. Extracting by manifest.
332 silly tarball no local data for kleur@https://registry.npmjs.org/kleur/-/kleur-3.0.3.tgz. Extracting by manifest.
333 silly tarball no local data for readable-stream@https://registry.npmjs.org/readable-stream/-/readable-stream-1.1.14.tgz. Extracting by manifest.
334 silly tarball no local data for through2@https://registry.npmjs.org/through2/-/through2-0.6.5.tgz. Extracting by manifest.
335 silly tarball no local data for readable-stream@https://registry.npmjs.org/readable-stream/-/readable-stream-1.0.34.tgz. Extracting by manifest.
336 silly tarball no local data for duplexer2@https://registry.npmjs.org/duplexer2/-/duplexer2-0.0.2.tgz. Extracting by manifest.
337 silly tarball no local data for buffer-from@https://registry.npmjs.org/buffer-from/-/buffer-from-0.1.2.tgz. Extracting by manifest.
338 silly tarball no local data for universalify@https://registry.npmjs.org/universalify/-/universalify-1.0.0.tgz. Extracting by manifest.
339 silly tarball no local data for jsonfile@https://registry.npmjs.org/jsonfile/-/jsonfile-6.1.0.tgz. Extracting by manifest.
340 silly tarball no local data for universalify@https://registry.npmjs.org/universalify/-/universalify-2.0.0.tgz. Extracting by manifest.
341 silly tarball no local data for graceful-fs@https://registry.npmjs.org/graceful-fs/-/graceful-fs-4.2.8.tgz. Extracting by manifest.
342 silly tarball no local data for which@https://registry.npmjs.org/which/-/which-2.0.2.tgz. Extracting by manifest.
343 silly tarball no local data for shebang-command@https://registry.npmjs.org/shebang-command/-/shebang-command-2.0.0.tgz. Extracting by manifest.
344 silly tarball no local data for at-least-node@https://registry.npmjs.org/at-least-node/-/at-least-node-1.0.0.tgz. Extracting by manifest.
345 silly tarball no local data for path-key@https://registry.npmjs.org/path-key/-/path-key-3.1.1.tgz. Extracting by manifest.
346 silly tarball no local data for color-convert@https://registry.npmjs.org/color-convert/-/color-convert-2.0.1.tgz. Extracting by manifest.
347 silly tarball no local data for supports-color@https://registry.npmjs.org/supports-color/-/supports-color-7.2.0.tgz. Extracting by manifest.
348 silly tarball no local data for color-name@https://registry.npmjs.org/color-name/-/color-name-1.1.4.tgz. Extracting by manifest.
349 silly tarball no local data for ansi-styles@https://registry.npmjs.org/ansi-styles/-/ansi-styles-4.3.0.tgz. Extracting by manifest.
350 silly tarball no local data for validate-npm-package-name@https://registry.npmjs.org/validate-npm-package-name/-/validate-npm-package-name-3.0.0.tgz. Extracting by manifest.
351 silly tarball no local data for tmp@https://registry.npmjs.org/tmp/-/tmp-0.2.1.tgz. Extracting by manifest.
352 silly tarball no local data for tar-pack@https://registry.npmjs.org/tar-pack/-/tar-pack-3.4.1.tgz. Extracting by manifest.
353 silly tarball no local data for rimraf@https://registry.npmjs.org/rimraf/-/rimraf-3.0.2.tgz. Extracting by manifest.
354 silly tarball no local data for string_decoder@https://registry.npmjs.org/string_decoder/-/string_decoder-1.1.1.tgz. Extracting by manifest.
355 silly tarball no local data for isarray@https://registry.npmjs.org/isarray/-/isarray-1.0.0.tgz. Extracting by manifest.
356 silly tarball no local data for readable-stream@https://registry.npmjs.org/readable-stream/-/readable-stream-2.3.7.tgz. Extracting by manifest.
357 silly tarball no local data for semver@https://registry.npmjs.org/semver/-/semver-7.3.2.tgz. Extracting by manifest.
358 silly tarball no local data for prompts@https://registry.npmjs.org/prompts/-/prompts-2.4.0.tgz. Extracting by manifest.
359 silly tarball no local data for hyperquest@https://registry.npmjs.org/hyperquest/-/hyperquest-2.1.3.tgz. Extracting by manifest.
360 silly tarball no local data for fs-extra@https://registry.npmjs.org/fs-extra/-/fs-extra-9.0.1.tgz. Extracting by manifest.
361 silly tarball no local data for envinfo@https://registry.npmjs.org/envinfo/-/envinfo-7.7.3.tgz. Extracting by manifest.
362 silly tarball no local data for cross-spawn@https://registry.npmjs.org/cross-spawn/-/cross-spawn-7.0.3.tgz. Extracting by manifest.
363 silly tarball no local data for commander@https://registry.npmjs.org/commander/-/commander-4.1.1.tgz. Extracting by manifest.
364 silly tarball no local data for chalk@https://registry.npmjs.org/chalk/-/chalk-4.1.0.tgz. Extracting by manifest.
365 silly tarball no local data for create-react-app@https://registry.npmjs.org/create-react-app/-/create-react-app-4.0.3.tgz. Extracting by manifest.
366 silly tarball no local data for inherits@https://registry.npmjs.org/inherits/-/inherits-2.0.4.tgz. Extracting by manifest.
367 http fetch POST 200 https://registry.npmjs.org/-/npm/v1/security/advisories/bulk 694ms
368 timing auditReport:getReport Completed in 697ms
369 timing metavuln:packument:tar Completed in 1ms
370 timing metavuln:cache:get:security-advisory:tar:VtfoMHRPReMcCW9w4u31BWYREcViCFn3asZmPh4Q1xtBDUHlj8G6pba9zfaKmvRrJr1jooSQdagZ+yr2Ze8IzA== Completed in 60ms
371 timing metavuln:load:security-advisory:tar:1005040 Completed in 10ms
372 timing metavuln:cache:get:security-advisory:tar:FVraO3vxxEwRFvae/qn54EZfqhwhMp2WELNyGn+whkwy5AiGGQUYfPZKYo5gVQTwEDWGqrw2ZBfQh7ybqYruyw== Completed in 71ms
373 timing metavuln:load:security-advisory:tar:1005043 Completed in 6ms
374 timing metavuln:cache:get:security-advisory:tar:Ar/tm+IovdyvUguUGqdJRiv3vndjlRFiAxefrycd9JAfXDz8f8J0i65HKJPcSI2UxmfNbqdK5JZhCWVFVGWuEg== Completed in 79ms
375 timing metavuln:load:security-advisory:tar:1005046 Completed in 3ms
376 timing metavuln:cache:get:security-advisory:tar:N+UM5HifWs2F2zc5VvSjMcsJxwKLXnFlwekBDx20VEMxf4a50dbc9azjEqPWN9F4CRYdtlo8htl2my5iv0W3vQ== Completed in 83ms
377 timing metavuln:load:security-advisory:tar:1005078 Completed in 6ms
378 timing metavuln:cache:get:security-advisory:tar:34G+WConGFFWccUb8BgaeTYbN3uYhdQmRaxXSUSIQ8meLzACygefO7EXhn6gKUnnryCqTBplIbxCXTplY0bYZw== Completed in 90ms
379 timing metavuln:load:security-advisory:tar:1005082 Completed in 5ms
380 timing metavuln:cache:put:security-advisory:tar:VtfoMHRPReMcCW9w4u31BWYREcViCFn3asZmPh4Q1xtBDUHlj8G6pba9zfaKmvRrJr1jooSQdagZ+yr2Ze8IzA== Completed in 496ms
381 timing metavuln:calculate:security-advisory:tar:1005040 Completed in 567ms
382 http fetch GET 200 https://registry.npmjs.org/balanced-match/-/balanced-match-1.0.2.tgz 1106ms
383 timing reifyNode:node_modules/balanced-match Completed in 1266ms
384 http fetch GET 200 https://registry.npmjs.org/process-nextick-args/-/process-nextick-args-2.0.1.tgz 1204ms
385 timing reifyNode:node_modules/process-nextick-args Completed in 1289ms
386 http fetch GET 200 https://registry.npmjs.org/builtins/-/builtins-1.0.3.tgz 1209ms
387 timing reifyNode:node_modules/builtins Completed in 1310ms
388 timing metavuln:cache:put:security-advisory:tar:34G+WConGFFWccUb8BgaeTYbN3uYhdQmRaxXSUSIQ8meLzACygefO7EXhn6gKUnnryCqTBplIbxCXTplY0bYZw== Completed in 533ms
389 timing metavuln:calculate:security-advisory:tar:1005082 Completed in 628ms
390 http fetch GET 200 https://registry.npmjs.org/path-is-absolute/-/path-is-absolute-1.0.1.tgz 1211ms
391 timing reifyNode:node_modules/path-is-absolute Completed in 1325ms
392 http fetch GET 200 https://registry.npmjs.org/ms/-/ms-2.0.0.tgz 1132ms
393 timing reifyNode:node_modules/ms Completed in 1329ms
394 http fetch GET 200 https://registry.npmjs.org/wrappy/-/wrappy-1.0.2.tgz 1181ms
395 timing reifyNode:node_modules/wrappy Completed in 1335ms
396 http fetch GET 200 https://registry.npmjs.org/inflight/-/inflight-1.0.6.tgz 1250ms
397 timing reifyNode:node_modules/inflight Completed in 1359ms
398 http fetch GET 200 https://registry.npmjs.org/string_decoder/-/string_decoder-0.10.31.tgz 1108ms
399 timing reifyNode:node_modules/string_decoder Completed in 1365ms
400 http fetch GET 200 https://registry.npmjs.org/buffer-from/-/buffer-from-0.1.2.tgz 1055ms
401 timing reifyNode:node_modules/buffer-from Completed in 1369ms
402 http fetch GET 200 https://registry.npmjs.org/uid-number/-/uid-number-0.0.6.tgz 1207ms
403 timing reifyNode:node_modules/uid-number Completed in 1408ms
404 http fetch GET 200 https://registry.npmjs.org/block-stream/-/block-stream-0.0.9.tgz 1309ms
405 timing reifyNode:node_modules/block-stream Completed in 1414ms
406 http fetch GET 200 https://registry.npmjs.org/util-deprecate/-/util-deprecate-1.0.2.tgz 1344ms
407 timing reifyNode:node_modules/util-deprecate Completed in 1420ms
408 http fetch GET 200 https://registry.npmjs.org/has-flag/-/has-flag-4.0.0.tgz 1180ms
409 timing reifyNode:node_modules/has-flag Completed in 1422ms
410 http fetch GET 200 https://registry.npmjs.org/shebang-regex/-/shebang-regex-3.0.0.tgz 1173ms
411 timing reifyNode:node_modules/shebang-regex Completed in 1426ms
412 http fetch GET 200 https://registry.npmjs.org/shebang-command/-/shebang-command-2.0.0.tgz 1074ms
413 timing reifyNode:node_modules/shebang-command Completed in 1429ms
414 http fetch GET 200 https://registry.npmjs.org/supports-color/-/supports-color-7.2.0.tgz 1061ms
415 timing reifyNode:node_modules/supports-color Completed in 1433ms
416 http fetch GET 200 https://registry.npmjs.org/xtend/-/xtend-4.0.2.tgz 1183ms
417 timing reifyNode:node_modules/xtend Completed in 1447ms
418 timing metavuln:cache:put:security-advisory:tar:N+UM5HifWs2F2zc5VvSjMcsJxwKLXnFlwekBDx20VEMxf4a50dbc9azjEqPWN9F4CRYdtlo8htl2my5iv0W3vQ== Completed in 669ms
419 timing metavuln:calculate:security-advisory:tar:1005078 Completed in 758ms
420 timing metavuln:cache:put:security-advisory:tar:Ar/tm+IovdyvUguUGqdJRiv3vndjlRFiAxefrycd9JAfXDz8f8J0i65HKJPcSI2UxmfNbqdK5JZhCWVFVGWuEg== Completed in 676ms
421 timing metavuln:calculate:security-advisory:tar:1005046 Completed in 758ms
422 timing metavuln:cache:put:security-advisory:tar:FVraO3vxxEwRFvae/qn54EZfqhwhMp2WELNyGn+whkwy5AiGGQUYfPZKYo5gVQTwEDWGqrw2ZBfQh7ybqYruyw== Completed in 680ms
423 timing metavuln:calculate:security-advisory:tar:1005043 Completed in 758ms
424 timing metavuln:packument:tar-pack Completed in 0ms
425 http fetch GET 200 https://registry.npmjs.org/color-name/-/color-name-1.1.4.tgz 1080ms
426 timing reifyNode:node_modules/color-name Completed in 1462ms
427 http fetch GET 200 https://registry.npmjs.org/brace-expansion/-/brace-expansion-1.1.11.tgz 1310ms
428 timing reifyNode:node_modules/brace-expansion Completed in 1472ms
429 timing metavuln:cache:get:security-advisory:tar-pack:fhplZpdnXlyYzsHjGGJA/yDVWNM5xETg67FXmj+i48MM3vb73WzTfAqtG6H65b0sv9lB5Avb15YHQFI1jNjl2Q== Completed in 24ms
430 timing metavuln:load:security-advisory:tar-pack:VtfoMHRPReMcCW9w4u31BWYREcViCFn3asZmPh4Q1xtBDUHlj8G6pba9zfaKmvRrJr1jooSQdagZ+yr2Ze8IzA== Completed in 12ms
431 http fetch GET 200 https://registry.npmjs.org/sisteransi/-/sisteransi-1.0.5.tgz 1217ms
432 timing reifyNode:node_modules/sisteransi Completed in 1491ms
433 http fetch GET 200 https://registry.npmjs.org/universalify/-/universalify-1.0.0.tgz 1178ms
434 timing reifyNode:node_modules/universalify Completed in 1496ms
435 http fetch GET 200 https://registry.npmjs.org/isarray/-/isarray-0.0.1.tgz 1230ms
436 timing reifyNode:node_modules/isarray Completed in 1501ms
437 http fetch GET 200 https://registry.npmjs.org/duplexer2/-/duplexer2-0.0.2.tgz 1195ms
438 timing reifyNode:node_modules/duplexer2 Completed in 1505ms
439 http fetch GET 200 https://registry.npmjs.org/minimatch/-/minimatch-3.0.4.tgz 1352ms
440 timing reifyNode:node_modules/minimatch Completed in 1518ms
441 http fetch GET 200 https://registry.npmjs.org/safe-buffer/-/safe-buffer-5.1.2.tgz 1443ms
442 timing reifyNode:node_modules/safe-buffer Completed in 1524ms
443 http fetch GET 200 https://registry.npmjs.org/universalify/-/universalify-2.0.0.tgz 1200ms
444 timing reifyNode:node_modules/jsonfile/node_modules/universalify Completed in 1534ms
445 http fetch GET 200 https://registry.npmjs.org/at-least-node/-/at-least-node-1.0.0.tgz 1180ms
446 timing reifyNode:node_modules/at-least-node Completed in 1539ms
447 http fetch GET 200 https://registry.npmjs.org/path-key/-/path-key-3.1.1.tgz 1180ms
448 timing reifyNode:node_modules/path-key Completed in 1543ms
449 http fetch GET 200 https://registry.npmjs.org/once/-/once-1.4.0.tgz 1347ms
450 timing reifyNode:node_modules/once Completed in 1564ms
451 http fetch GET 200 https://registry.npmjs.org/mkdirp/-/mkdirp-0.5.5.tgz 1398ms
452 timing reifyNode:node_modules/mkdirp Completed in 1570ms
453 http fetch GET 200 https://registry.npmjs.org/glob/-/glob-7.2.0.tgz 1443ms
454 timing reifyNode:node_modules/glob Completed in 1574ms
455 http fetch GET 200 https://registry.npmjs.org/fs.realpath/-/fs.realpath-1.0.0.tgz 1451ms
456 timing reifyNode:node_modules/fs.realpath Completed in 1578ms
457 http fetch GET 200 https://registry.npmjs.org/validate-npm-package-name/-/validate-npm-package-name-3.0.0.tgz 1193ms
458 timing reifyNode:node_modules/validate-npm-package-name Completed in 1583ms
459 http fetch GET 200 https://registry.npmjs.org/isexe/-/isexe-2.0.0.tgz 1515ms
460 timing reifyNode:node_modules/isexe Completed in 1604ms
461 http fetch GET 200 https://registry.npmjs.org/isarray/-/isarray-1.0.0.tgz 1188ms
462 timing reifyNode:node_modules/tar-pack/node_modules/isarray Completed in 1609ms
463 http fetch GET 200 https://registry.npmjs.org/jsonfile/-/jsonfile-6.1.0.tgz 1296ms
464 timing reifyNode:node_modules/jsonfile Completed in 1619ms
465 http fetch GET 200 https://registry.npmjs.org/inherits/-/inherits-2.0.4.tgz 1123ms
466 timing reifyNode:node_modules/inherits Completed in 1632ms
467 http fetch GET 200 https://registry.npmjs.org/concat-map/-/concat-map-0.0.1.tgz 1503ms
468 timing reifyNode:node_modules/concat-map Completed in 1643ms
469 http fetch GET 200 https://registry.npmjs.org/fstream-ignore/-/fstream-ignore-1.0.5.tgz 1425ms
470 timing reifyNode:node_modules/fstream-ignore Completed in 1646ms
471 http fetch GET 200 https://registry.npmjs.org/rimraf/-/rimraf-2.7.1.tgz 1445ms
472 timing reifyNode:node_modules/rimraf Completed in 1658ms
473 http fetch GET 200 https://registry.npmjs.org/core-util-is/-/core-util-is-1.0.3.tgz 1397ms
474 timing reifyNode:node_modules/core-util-is Completed in 1662ms
475 http fetch GET 200 https://registry.npmjs.org/kleur/-/kleur-3.0.3.tgz 1393ms
476 timing reifyNode:node_modules/kleur Completed in 1678ms
477 http fetch GET 200 https://registry.npmjs.org/color-convert/-/color-convert-2.0.1.tgz 1313ms
478 timing reifyNode:node_modules/color-convert Completed in 1681ms
479 http fetch GET 200 https://registry.npmjs.org/through2/-/through2-0.6.5.tgz 1392ms
480 timing reifyNode:node_modules/through2 Completed in 1693ms
481 http fetch GET 200 https://registry.npmjs.org/which/-/which-2.0.2.tgz 1353ms
482 timing reifyNode:node_modules/which Completed in 1696ms
483 http fetch GET 200 https://registry.npmjs.org/rimraf/-/rimraf-3.0.2.tgz 1300ms
484 timing reifyNode:node_modules/tmp/node_modules/rimraf Completed in 1712ms
485 http fetch GET 200 https://registry.npmjs.org/tmp/-/tmp-0.2.1.tgz 1317ms
486 timing reifyNode:node_modules/tmp Completed in 1720ms
487 http fetch GET 200 https://registry.npmjs.org/string_decoder/-/string_decoder-1.1.1.tgz 1310ms
488 timing reifyNode:node_modules/tar-pack/node_modules/string_decoder Completed in 1726ms
489 http fetch GET 200 https://registry.npmjs.org/ansi-styles/-/ansi-styles-4.3.0.tgz 1348ms
490 timing reifyNode:node_modules/ansi-styles Completed in 1734ms
491 http fetch GET 200 https://registry.npmjs.org/graceful-fs/-/graceful-fs-4.2.8.tgz 1407ms
492 timing reifyNode:node_modules/graceful-fs Completed in 1745ms
493 http fetch GET 200 https://registry.npmjs.org/chalk/-/chalk-4.1.0.tgz 1281ms
494 timing reifyNode:node_modules/chalk Completed in 1770ms
495 http fetch GET 200 https://registry.npmjs.org/minimist/-/minimist-1.2.5.tgz 1667ms
496 timing reifyNode:node_modules/minimist Completed in 1804ms
497 http fetch GET 200 https://registry.npmjs.org/debug/-/debug-2.6.9.tgz 1569ms
498 timing reifyNode:node_modules/debug Completed in 1807ms
499 timing metavuln:cache:put:security-advisory:tar-pack:fhplZpdnXlyYzsHjGGJA/yDVWNM5xETg67FXmj+i48MM3vb73WzTfAqtG6H65b0sv9lB5Avb15YHQFI1jNjl2Q== Completed in 322ms
500 timing metavuln:calculate:security-advisory:tar-pack:VtfoMHRPReMcCW9w4u31BWYREcViCFn3asZmPh4Q1xtBDUHlj8G6pba9zfaKmvRrJr1jooSQdagZ+yr2Ze8IzA== Completed in 359ms
501 timing metavuln:packument:create-react-app Completed in 0ms
502 http fetch GET 200 https://registry.npmjs.org/readable-stream/-/readable-stream-1.0.34.tgz 1510ms
503 timing reifyNode:node_modules/through2/node_modules/readable-stream Completed in 1816ms
504 timing metavuln:cache:get:security-advisory:create-react-app:ZGzP55AE1EJG8Jv4DQFupK5FDpLYQuEB3nHTsgnSIVq7Sl12eY5EQ4WJCvU0bUyXYqbG/cscxGh9HC+VksCmGw== Completed in 10ms
505 timing metavuln:load:security-advisory:create-react-app:fhplZpdnXlyYzsHjGGJA/yDVWNM5xETg67FXmj+i48MM3vb73WzTfAqtG6H65b0sv9lB5Avb15YHQFI1jNjl2Q== Completed in 9ms
506 http fetch GET 200 https://registry.npmjs.org/commander/-/commander-4.1.1.tgz 1354ms
507 timing reifyNode:node_modules/commander Completed in 1832ms
508 http fetch GET 200 https://registry.npmjs.org/cross-spawn/-/cross-spawn-7.0.3.tgz 1364ms
509 timing reifyNode:node_modules/cross-spawn Completed in 1838ms
510 http fetch GET 200 https://registry.npmjs.org/tar-pack/-/tar-pack-3.4.1.tgz 1441ms
511 timing reifyNode:node_modules/tar-pack Completed in 1848ms
512 http fetch GET 200 https://registry.npmjs.org/envinfo/-/envinfo-7.7.3.tgz 1389ms
513 timing reifyNode:node_modules/envinfo Completed in 1858ms
514 http fetch GET 200 https://registry.npmjs.org/readable-stream/-/readable-stream-1.1.14.tgz 1577ms
515 timing reifyNode:node_modules/readable-stream Completed in 1867ms
516 http fetch GET 200 https://registry.npmjs.org/hyperquest/-/hyperquest-2.1.3.tgz 1415ms
517 timing reifyNode:node_modules/hyperquest Completed in 1877ms
518 http fetch GET 200 https://registry.npmjs.org/fstream/-/fstream-1.0.12.tgz 1674ms
519 timing reifyNode:node_modules/fstream Completed in 1902ms
520 timing metavuln:cache:put:security-advisory:create-react-app:ZGzP55AE1EJG8Jv4DQFupK5FDpLYQuEB3nHTsgnSIVq7Sl12eY5EQ4WJCvU0bUyXYqbG/cscxGh9HC+VksCmGw== Completed in 77ms
521 timing metavuln:calculate:security-advisory:create-react-app:fhplZpdnXlyYzsHjGGJA/yDVWNM5xETg67FXmj+i48MM3vb73WzTfAqtG6H65b0sv9lB5Avb15YHQFI1jNjl2Q== Completed in 96ms
522 timing auditReport:init Completed in 1215ms
523 timing reify:audit Completed in 1912ms
524 http fetch GET 200 https://registry.npmjs.org/readable-stream/-/readable-stream-2.3.7.tgz 1475ms
525 timing reifyNode:node_modules/tar-pack/node_modules/readable-stream Completed in 1912ms
526 http fetch GET 200 https://registry.npmjs.org/create-react-app/-/create-react-app-4.0.3.tgz 1430ms
527 timing reifyNode:node_modules/create-react-app Completed in 1930ms
528 http fetch GET 200 https://registry.npmjs.org/semver/-/semver-7.3.2.tgz 1501ms
529 timing reifyNode:node_modules/semver Completed in 1955ms
530 http fetch GET 200 https://registry.npmjs.org/fs-extra/-/fs-extra-9.0.1.tgz 1499ms
531 timing reifyNode:node_modules/fs-extra Completed in 1965ms
532 http fetch GET 200 https://registry.npmjs.org/prompts/-/prompts-2.4.0.tgz 1534ms
533 timing reifyNode:node_modules/prompts Completed in 1990ms
534 http fetch GET 200 https://registry.npmjs.org/tar/-/tar-2.2.2.tgz 1819ms
535 warn deprecated tar@2.2.2: This version of tar is no longer supported, and will not receive security updates. Please upgrade asap.
536 timing reifyNode:node_modules/tar Completed in 2027ms
537 timing reify:unpack Completed in 2030ms
538 timing reify:unretire Completed in 0ms
539 timing build:queue Completed in 7ms
540 timing build:link:node_modules/create-react-app Completed in 9ms
541 timing build:link:node_modules/tmp/node_modules/rimraf Completed in 6ms
542 timing build:link:node_modules/envinfo Completed in 7ms
543 timing build:link:node_modules/rimraf Completed in 7ms
544 timing build:link:node_modules/mkdirp Completed in 7ms
545 timing build:link:node_modules/semver Completed in 7ms
546 timing build:link:node_modules/which Completed in 7ms
547 timing build:link Completed in 9ms
548 timing build:deps Completed in 17ms
549 timing build Completed in 17ms
550 timing reify:build Completed in 18ms
551 timing reify:trash Completed in 0ms
552 timing reify:save Completed in 23ms
553 timing reify Completed in 4859ms
554 timing command:exec Completed in 7727ms
555 verbose stack Error: command failed
555 verbose stack     at ChildProcess.<anonymous> (/usr/share/nodejs/@npmcli/promise-spawn/index.js:64:27)
555 verbose stack     at ChildProcess.emit (events.js:314:20)
555 verbose stack     at maybeClose (internal/child_process.js:1022:16)
555 verbose stack     at Process.ChildProcess._handle.onexit (internal/child_process.js:287:5)
556 verbose cwd /home/mini/workplace/routerbase
557 verbose Linux 5.10.16.3-microsoft-standard-WSL2
558 verbose argv "/usr/bin/node" "/usr/share/nodejs/npm/bin/npm-cli.js" "exec" "--" "create-react-app"
559 verbose node v12.22.5
560 verbose npm  v7.5.2
561 error code 1
562 error path /home/mini/workplace/routerbase
563 error command failed
564 error command sh -c create-react-app
565 verbose exit 1
